# JRE version: OpenJDK Runtime Environment (17.0.10) (build 17.0.10+0--11572160)
# Java VM: OpenJDK 64-Bit Server VM (17.0.10+0--11572160, mixed mode, tiered, compressed oops, compressed class ptrs, g1 gc, windows-amd64)
GC Precious Log:
 CPUs: 4 total, 4 available
 Memory: 8072M
 Large Page Support: Disabled
 NUMA Support: Disabled
 Compressed Oops: Enabled (32-bit)
 Heap Region Size: 1M
 Heap Min Capacity: 8M
 Heap Initial Capacity: 128M
 Heap Max Capacity: 2G
 Pre-touch: Disabled
 Parallel Workers: 4
 Concurrent Workers: 1
 Concurrent Refinement Workers: 4
 Periodic GC: Disabled
Heap:
 garbage-first heap   total 145408K, used 68679K [0x0000000080000000, 0x0000000100000000)
  region size 1024K, 4 young (4096K), 1 survivors (1024K)
 Metaspace       used 64769K, committed 65344K, reserved 1114112K
  class space    used 8764K, committed 9024K, reserved 1048576K
GC Heap History (20 events):
Event: 48.028 GC heap before
{Heap before GC invocations=24 (full 0):
 garbage-first heap   total 75776K, used 44521K [0x0000000080000000, 0x0000000100000000)
  region size 1024K, 3 young (3072K), 2 survivors (2048K)
 Metaspace       used 56859K, committed 57408K, reserved 1114112K
  class space    used 7754K, committed 8000K, reserved 1048576K
}
Event: 48.046 GC heap after
{Heap after GC invocations=25 (full 0):
 garbage-first heap   total 75776K, used 44162K [0x0000000080000000, 0x0000000100000000)
  region size 1024K, 1 young (1024K), 1 survivors (1024K)
 Metaspace       used 56859K, committed 57408K, reserved 1114112K
  class space    used 7754K, committed 8000K, reserved 1048576K
}
Event: 48.849 GC heap before
{Heap before GC invocations=25 (full 0):
 garbage-first heap   total 75776K, used 57474K [0x0000000080000000, 0x0000000100000000)
  region size 1024K, 15 young (15360K), 1 survivors (1024K)
 Metaspace       used 57157K, committed 57728K, reserved 1114112K
  class space    used 7789K, committed 8064K, reserved 1048576K
}
Event: 48.864 GC heap after
{Heap after GC invocations=26 (full 0):
 garbage-first heap   total 75776K, used 46320K [0x0000000080000000, 0x0000000100000000)
  region size 1024K, 2 young (2048K), 2 survivors (2048K)
 Metaspace       used 57157K, committed 57728K, reserved 1114112K
  class space    used 7789K, committed 8064K, reserved 1048576K
}
Event: 50.422 GC heap before
{Heap before GC invocations=27 (full 0):
 garbage-first heap   total 83968K, used 71920K [0x0000000080000000, 0x0000000100000000)
  region size 1024K, 15 young (15360K), 2 survivors (2048K)
 Metaspace       used 57523K, committed 58112K, reserved 1114112K
  class space    used 7843K, committed 8128K, reserved 1048576K
}
Event: 50.447 GC heap after
{Heap after GC invocations=28 (full 0):
 garbage-first heap   total 83968K, used 64863K [0x0000000080000000, 0x0000000100000000)
  region size 1024K, 2 young (2048K), 2 survivors (2048K)
 Metaspace       used 57523K, committed 58112K, reserved 1114112K
  class space    used 7843K, committed 8128K, reserved 1048576K
}
Event: 50.594 GC heap before
{Heap before GC invocations=28 (full 0):
 garbage-first heap   total 83968K, used 66911K [0x0000000080000000, 0x0000000100000000)
  region size 1024K, 4 young (4096K), 2 survivors (2048K)
 Metaspace       used 57680K, committed 58240K, reserved 1114112K
  class space    used 7864K, committed 8128K, reserved 1048576K
}
Event: 50.605 GC heap after
{Heap after GC invocations=29 (full 0):
 garbage-first heap   total 83968K, used 63460K [0x0000000080000000, 0x0000000100000000)
  region size 1024K, 1 young (1024K), 1 survivors (1024K)
 Metaspace       used 57680K, committed 58240K, reserved 1114112K
  class space    used 7864K, committed 8128K, reserved 1048576K
}
Event: 50.886 GC heap before
{Heap before GC invocations=29 (full 0):
 garbage-first heap   total 83968K, used 67556K [0x0000000080000000, 0x0000000100000000)
  region size 1024K, 6 young (6144K), 1 survivors (1024K)
 Metaspace       used 58098K, committed 58624K, reserved 1114112K
  class space    used 7939K, committed 8192K, reserved 1048576K
}
Event: 50.890 GC heap after
{Heap after GC invocations=30 (full 0):
 garbage-first heap   total 83968K, used 63787K [0x0000000080000000, 0x0000000100000000)
  region size 1024K, 1 young (1024K), 1 survivors (1024K)
 Metaspace       used 58098K, committed 58624K, reserved 1114112K
  class space    used 7939K, committed 8192K, reserved 1048576K
}
Event: 51.425 GC heap before
{Heap before GC invocations=31 (full 0):
 garbage-first heap   total 109568K, used 68907K [0x0000000080000000, 0x0000000100000000)
  region size 1024K, 6 young (6144K), 1 survivors (1024K)
 Metaspace       used 58480K, committed 59008K, reserved 1114112K
  class space    used 7985K, committed 8256K, reserved 1048576K
}
Event: 51.430 GC heap after
{Heap after GC invocations=32 (full 0):
 garbage-first heap   total 109568K, used 63970K [0x0000000080000000, 0x0000000100000000)
  region size 1024K, 1 young (1024K), 1 survivors (1024K)
 Metaspace       used 58480K, committed 59008K, reserved 1114112K
  class space    used 7985K, committed 8256K, reserved 1048576K
}
Event: 51.661 GC heap before
{Heap before GC invocations=32 (full 0):
 garbage-first heap   total 109568K, used 67042K [0x0000000080000000, 0x0000000100000000)
  region size 1024K, 5 young (5120K), 1 survivors (1024K)
 Metaspace       used 58710K, committed 59328K, reserved 1114112K
  class space    used 8009K, committed 8256K, reserved 1048576K
}
Event: 51.668 GC heap after
{Heap after GC invocations=33 (full 0):
 garbage-first heap   total 109568K, used 64014K [0x0000000080000000, 0x0000000100000000)
  region size 1024K, 1 young (1024K), 1 survivors (1024K)
 Metaspace       used 58710K, committed 59328K, reserved 1114112K
  class space    used 8009K, committed 8256K, reserved 1048576K
}
Event: 53.259 GC heap before
{Heap before GC invocations=33 (full 0):
 garbage-first heap   total 109568K, used 84494K [0x0000000080000000, 0x0000000100000000)
  region size 1024K, 20 young (20480K), 1 survivors (1024K)
 Metaspace       used 60194K, committed 60736K, reserved 1114112K
  class space    used 8211K, committed 8448K, reserved 1048576K
}
Event: 53.266 GC heap after
{Heap after GC invocations=34 (full 0):
 garbage-first heap   total 145408K, used 65605K [0x0000000080000000, 0x0000000100000000)
  region size 1024K, 2 young (2048K), 2 survivors (2048K)
 Metaspace       used 60194K, committed 60736K, reserved 1114112K
  class space    used 8211K, committed 8448K, reserved 1048576K
}
Event: 55.969 GC heap before
{Heap before GC invocations=35 (full 0):
 garbage-first heap   total 145408K, used 105541K [0x0000000080000000, 0x0000000100000000)
  region size 1024K, 41 young (41984K), 2 survivors (2048K)
 Metaspace       used 64096K, committed 64704K, reserved 1114112K
  class space    used 8659K, committed 8960K, reserved 1048576K
}
Event: 55.978 GC heap after
{Heap after GC invocations=36 (full 0):
 garbage-first heap   total 145408K, used 66814K [0x0000000080000000, 0x0000000100000000)
  region size 1024K, 3 young (3072K), 3 survivors (3072K)
 Metaspace       used 64096K, committed 64704K, reserved 1114112K
  class space    used 8659K, committed 8960K, reserved 1048576K
}
Event: 56.396 GC heap before
{Heap before GC invocations=36 (full 0):
 garbage-first heap   total 145408K, used 70910K [0x0000000080000000, 0x0000000100000000)
  region size 1024K, 7 young (7168K), 3 survivors (3072K)
 Metaspace       used 64548K, committed 65152K, reserved 1114112K
  class space    used 8721K, committed 9024K, reserved 1048576K
}
Event: 56.404 GC heap after
{Heap after GC invocations=37 (full 0):
 garbage-first heap   total 145408K, used 66631K [0x0000000080000000, 0x0000000100000000)
  region size 1024K, 1 young (1024K), 1 survivors (1024K)
 Metaspace       used 64548K, committed 65152K, reserved 1114112K
  class space    used 8721K, committed 9024K, reserved 1048576K
}

