# JRE version: OpenJDK Runtime Environment (17.0.10) (build 17.0.10+0--11572160)
# Java VM: OpenJDK 64-Bit Server VM (17.0.10+0--11572160, mixed mode, tiered, compressed oops, compressed class ptrs, g1 gc, windows-amd64)
GC Precious Log:
 CPUs: 4 total, 4 available
 Memory: 8072M
 Large Page Support: Disabled
 NUMA Support: Disabled
 Compressed Oops: Enabled (32-bit)
 Heap Region Size: 1M
 Heap Min Capacity: 8M
 Heap Initial Capacity: 128M
 Heap Max Capacity: 2G
 Pre-touch: Disabled
 Parallel Workers: 4
 Concurrent Workers: 1
 Concurrent Refinement Workers: 4
 Periodic GC: Disabled
Heap:
 garbage-first heap   total 427008K, used 237307K [0x0000000080000000, 0x0000000100000000)
  region size 1024K, 7 young (7168K), 7 survivors (7168K)
 Metaspace       used 211390K, committed 212864K, reserved 1245184K
  class space    used 29245K, committed 29952K, reserved 1048576K
GC Heap History (20 events):
Event: 731.347 GC heap after
{Heap after GC invocations=117 (full 0):
 garbage-first heap   total 382976K, used 220566K [0x0000000080000000, 0x0000000100000000)
  region size 1024K, 1 young (1024K), 1 survivors (1024K)
 Metaspace       used 178750K, committed 180160K, reserved 1245184K
  class space    used 24648K, committed 25344K, reserved 1048576K
}
Event: 733.299 GC heap before
{Heap before GC invocations=117 (full 0):
 garbage-first heap   total 382976K, used 268694K [0x0000000080000000, 0x0000000100000000)
  region size 1024K, 49 young (50176K), 1 survivors (1024K)
 Metaspace       used 183207K, committed 184640K, reserved 1245184K
  class space    used 25176K, committed 25856K, reserved 1048576K
}
Event: 733.312 GC heap after
{Heap after GC invocations=118 (full 0):
 garbage-first heap   total 382976K, used 221840K [0x0000000080000000, 0x0000000100000000)
  region size 1024K, 3 young (3072K), 3 survivors (3072K)
 Metaspace       used 183207K, committed 184640K, reserved 1245184K
  class space    used 25176K, committed 25856K, reserved 1048576K
}
Event: 736.997 GC heap before
{Heap before GC invocations=119 (full 0):
 garbage-first heap   total 427008K, used 318096K [0x0000000080000000, 0x0000000100000000)
  region size 1024K, 93 young (95232K), 3 survivors (3072K)
 Metaspace       used 189400K, committed 190784K, reserved 1245184K
  class space    used 26064K, committed 26752K, reserved 1048576K
}
Event: 737.015 GC heap after
{Heap after GC invocations=120 (full 0):
 garbage-first heap   total 427008K, used 226909K [0x0000000080000000, 0x0000000100000000)
  region size 1024K, 8 young (8192K), 8 survivors (8192K)
 Metaspace       used 189400K, committed 190784K, reserved 1245184K
  class space    used 26064K, committed 26752K, reserved 1048576K
}
Event: 737.422 GC heap before
{Heap before GC invocations=120 (full 0):
 garbage-first heap   total 427008K, used 238173K [0x0000000080000000, 0x0000000100000000)
  region size 1024K, 20 young (20480K), 8 survivors (8192K)
 Metaspace       used 189914K, committed 191296K, reserved 1245184K
  class space    used 26139K, committed 26816K, reserved 1048576K
}
Event: 737.493 GC heap after
{Heap after GC invocations=121 (full 0):
 garbage-first heap   total 427008K, used 213827K [0x0000000080000000, 0x0000000100000000)
  region size 1024K, 2 young (2048K), 2 survivors (2048K)
 Metaspace       used 189914K, committed 191296K, reserved 1245184K
  class space    used 26139K, committed 26816K, reserved 1048576K
}
Event: 738.562 GC heap before
{Heap before GC invocations=121 (full 0):
 garbage-first heap   total 427008K, used 249667K [0x0000000080000000, 0x0000000100000000)
  region size 1024K, 38 young (38912K), 2 survivors (2048K)
 Metaspace       used 192220K, committed 193600K, reserved 1245184K
  class space    used 26475K, committed 27136K, reserved 1048576K
}
Event: 738.575 GC heap after
{Heap after GC invocations=122 (full 0):
 garbage-first heap   total 427008K, used 214564K [0x0000000080000000, 0x0000000100000000)
  region size 1024K, 3 young (3072K), 3 survivors (3072K)
 Metaspace       used 192220K, committed 193600K, reserved 1245184K
  class space    used 26475K, committed 27136K, reserved 1048576K
}
Event: 744.318 GC heap before
{Heap before GC invocations=123 (full 0):
 garbage-first heap   total 427008K, used 340516K [0x0000000080000000, 0x0000000100000000)
  region size 1024K, 125 young (128000K), 3 survivors (3072K)
 Metaspace       used 200403K, committed 201792K, reserved 1245184K
  class space    used 27870K, committed 28544K, reserved 1048576K
}
Event: 744.349 GC heap after
{Heap after GC invocations=124 (full 0):
 garbage-first heap   total 427008K, used 219235K [0x0000000080000000, 0x0000000100000000)
  region size 1024K, 8 young (8192K), 8 survivors (8192K)
 Metaspace       used 200403K, committed 201792K, reserved 1245184K
  class space    used 27870K, committed 28544K, reserved 1048576K
}
Event: 744.599 GC heap before
{Heap before GC invocations=124 (full 0):
 garbage-first heap   total 427008K, used 231523K [0x0000000080000000, 0x0000000100000000)
  region size 1024K, 20 young (20480K), 8 survivors (8192K)
 Metaspace       used 201029K, committed 202432K, reserved 1245184K
  class space    used 27963K, committed 28672K, reserved 1048576K
}
Event: 744.660 GC heap after
{Heap after GC invocations=125 (full 0):
 garbage-first heap   total 427008K, used 216726K [0x0000000080000000, 0x0000000100000000)
  region size 1024K, 2 young (2048K), 2 survivors (2048K)
 Metaspace       used 201029K, committed 202432K, reserved 1245184K
  class space    used 27963K, committed 28672K, reserved 1048576K
}
Event: 748.705 GC heap before
{Heap before GC invocations=125 (full 0):
 garbage-first heap   total 427008K, used 310934K [0x0000000080000000, 0x0000000100000000)
  region size 1024K, 95 young (97280K), 2 survivors (2048K)
 Metaspace       used 206104K, committed 207616K, reserved 1245184K
  class space    used 28576K, committed 29312K, reserved 1048576K
}
Event: 748.727 GC heap after
{Heap after GC invocations=126 (full 0):
 garbage-first heap   total 427008K, used 223157K [0x0000000080000000, 0x0000000100000000)
  region size 1024K, 8 young (8192K), 8 survivors (8192K)
 Metaspace       used 206104K, committed 207616K, reserved 1245184K
  class space    used 28576K, committed 29312K, reserved 1048576K
}
Event: 755.299 GC heap before
{Heap before GC invocations=127 (full 0):
 garbage-first heap   total 427008K, used 364469K [0x0000000080000000, 0x0000000100000000)
  region size 1024K, 134 young (137216K), 8 survivors (8192K)
 Metaspace       used 211004K, committed 212416K, reserved 1245184K
  class space    used 29199K, committed 29888K, reserved 1048576K
}
Event: 755.378 GC heap after
{Heap after GC invocations=128 (full 0):
 garbage-first heap   total 427008K, used 234339K [0x0000000080000000, 0x0000000100000000)
  region size 1024K, 17 young (17408K), 17 survivors (17408K)
 Metaspace       used 211004K, committed 212416K, reserved 1245184K
  class space    used 29199K, committed 29888K, reserved 1048576K
}
Event: 755.468 GC heap before
{Heap before GC invocations=128 (full 0):
 garbage-first heap   total 427008K, used 237411K [0x0000000080000000, 0x0000000100000000)
  region size 1024K, 20 young (20480K), 17 survivors (17408K)
 Metaspace       used 211004K, committed 212416K, reserved 1245184K
  class space    used 29199K, committed 29888K, reserved 1048576K
}
Event: 755.548 GC heap after
{Heap after GC invocations=129 (full 0):
 garbage-first heap   total 427008K, used 233211K [0x0000000080000000, 0x0000000100000000)
  region size 1024K, 3 young (3072K), 3 survivors (3072K)
 Metaspace       used 211004K, committed 212416K, reserved 1245184K
  class space    used 29199K, committed 29888K, reserved 1048576K
}
Event: 758.637 GC heap before
{Heap before GC invocations=129 (full 0):
 garbage-first heap   total 427008K, used 350971K [0x0000000080000000, 0x0000000100000000)
  region size 1024K, 119 young (121856K), 3 survivors (3072K)
 Metaspace       used 211390K, committed 212864K, reserved 1245184K
  class space    used 29245K, committed 29952K, reserved 1048576K
}

