# JRE version: OpenJDK Runtime Environment (17.0.10) (build 17.0.10+0--11572160)
# Java VM: OpenJDK 64-Bit Server VM (17.0.10+0--11572160, mixed mode, tiered, compressed oops, compressed class ptrs, g1 gc, windows-amd64)
GC Precious Log:
 CPUs: 4 total, 4 available
 Memory: 8072M
 Large Page Support: Disabled
 NUMA Support: Disabled
 Compressed Oops: Enabled (32-bit)
 Heap Region Size: 1M
 Heap Min Capacity: 8M
 Heap Initial Capacity: 128M
 Heap Max Capacity: 2G
 Pre-touch: Disabled
 Parallel Workers: 4
 Concurrent Workers: 1
 Concurrent Refinement Workers: 4
 Periodic GC: Disabled
Heap:
 garbage-first heap   total 141312K, used 96205K [0x0000000080000000, 0x0000000100000000)
  region size 1024K, 31 young (31744K), 1 survivors (1024K)
 Metaspace       used 65363K, committed 65984K, reserved 1114112K
  class space    used 8880K, committed 9152K, reserved 1048576K
GC Heap History (20 events):
Event: 50.580 GC heap before
{Heap before GC invocations=20 (full 0):
 garbage-first heap   total 70656K, used 53716K [0x0000000080000000, 0x0000000100000000)
  region size 1024K, 18 young (18432K), 3 survivors (3072K)
 Metaspace       used 56593K, committed 57088K, reserved 1114112K
  class space    used 7770K, committed 8000K, reserved 1048576K
}
Event: 50.596 GC heap after
{Heap after GC invocations=21 (full 0):
 garbage-first heap   total 70656K, used 42448K [0x0000000080000000, 0x0000000100000000)
  region size 1024K, 3 young (3072K), 3 survivors (3072K)
 Metaspace       used 56593K, committed 57088K, reserved 1114112K
  class space    used 7770K, committed 8000K, reserved 1048576K
}
Event: 50.992 GC heap before
{Heap before GC invocations=21 (full 0):
 garbage-first heap   total 70656K, used 55760K [0x0000000080000000, 0x0000000100000000)
  region size 1024K, 17 young (17408K), 3 survivors (3072K)
 Metaspace       used 56703K, committed 57216K, reserved 1114112K
  class space    used 7770K, committed 8000K, reserved 1048576K
}
Event: 51.000 GC heap after
{Heap after GC invocations=22 (full 0):
 garbage-first heap   total 70656K, used 43433K [0x0000000080000000, 0x0000000100000000)
  region size 1024K, 3 young (3072K), 3 survivors (3072K)
 Metaspace       used 56703K, committed 57216K, reserved 1114112K
  class space    used 7770K, committed 8000K, reserved 1048576K
}
Event: 51.386 GC heap before
{Heap before GC invocations=23 (full 0):
 garbage-first heap   total 83968K, used 55721K [0x0000000080000000, 0x0000000100000000)
  region size 1024K, 15 young (15360K), 3 survivors (3072K)
 Metaspace       used 56802K, committed 57280K, reserved 1114112K
  class space    used 7770K, committed 8000K, reserved 1048576K
}
Event: 51.395 GC heap after
{Heap after GC invocations=24 (full 0):
 garbage-first heap   total 83968K, used 43453K [0x0000000080000000, 0x0000000100000000)
  region size 1024K, 2 young (2048K), 2 survivors (2048K)
 Metaspace       used 56802K, committed 57280K, reserved 1114112K
  class space    used 7770K, committed 8000K, reserved 1048576K
}
Event: 51.448 GC heap before
{Heap before GC invocations=24 (full 0):
 garbage-first heap   total 83968K, used 45501K [0x0000000080000000, 0x0000000100000000)
  region size 1024K, 4 young (4096K), 2 survivors (2048K)
 Metaspace       used 56809K, committed 57344K, reserved 1114112K
  class space    used 7770K, committed 8000K, reserved 1048576K
}
Event: 51.454 GC heap after
{Heap after GC invocations=25 (full 0):
 garbage-first heap   total 83968K, used 43245K [0x0000000080000000, 0x0000000100000000)
  region size 1024K, 1 young (1024K), 1 survivors (1024K)
 Metaspace       used 56809K, committed 57344K, reserved 1114112K
  class space    used 7770K, committed 8000K, reserved 1048576K
}
Event: 51.885 GC heap before
{Heap before GC invocations=25 (full 0):
 garbage-first heap   total 83968K, used 53485K [0x0000000080000000, 0x0000000100000000)
  region size 1024K, 12 young (12288K), 1 survivors (1024K)
 Metaspace       used 57083K, committed 57600K, reserved 1114112K
  class space    used 7805K, committed 8064K, reserved 1048576K
}
Event: 51.892 GC heap after
{Heap after GC invocations=26 (full 0):
 garbage-first heap   total 83968K, used 44479K [0x0000000080000000, 0x0000000100000000)
  region size 1024K, 3 young (3072K), 3 survivors (3072K)
 Metaspace       used 57083K, committed 57600K, reserved 1114112K
  class space    used 7805K, committed 8064K, reserved 1048576K
}
Event: 53.128 GC heap before
{Heap before GC invocations=27 (full 0):
 garbage-first heap   total 92160K, used 76223K [0x0000000080000000, 0x0000000100000000)
  region size 1024K, 21 young (21504K), 3 survivors (3072K)
 Metaspace       used 57864K, committed 58432K, reserved 1114112K
  class space    used 7921K, committed 8192K, reserved 1048576K
}
Event: 53.139 GC heap after
{Heap after GC invocations=28 (full 0):
 garbage-first heap   total 92160K, used 64422K [0x0000000080000000, 0x0000000100000000)
  region size 1024K, 3 young (3072K), 3 survivors (3072K)
 Metaspace       used 57864K, committed 58432K, reserved 1114112K
  class space    used 7921K, committed 8192K, reserved 1048576K
}
Event: 53.231 GC heap before
{Heap before GC invocations=28 (full 0):
 garbage-first heap   total 92160K, used 65446K [0x0000000080000000, 0x0000000100000000)
  region size 1024K, 4 young (4096K), 3 survivors (3072K)
 Metaspace       used 57954K, committed 58496K, reserved 1114112K
  class space    used 7938K, committed 8192K, reserved 1048576K
}
Event: 53.237 GC heap after
{Heap after GC invocations=29 (full 0):
 garbage-first heap   total 141312K, used 64179K [0x0000000080000000, 0x0000000100000000)
  region size 1024K, 1 young (1024K), 1 survivors (1024K)
 Metaspace       used 57954K, committed 58496K, reserved 1114112K
  class space    used 7938K, committed 8192K, reserved 1048576K
}
Event: 53.838 GC heap before
{Heap before GC invocations=29 (full 0):
 garbage-first heap   total 141312K, used 75443K [0x0000000080000000, 0x0000000100000000)
  region size 1024K, 13 young (13312K), 1 survivors (1024K)
 Metaspace       used 58767K, committed 59264K, reserved 1114112K
  class space    used 8033K, committed 8256K, reserved 1048576K
}
Event: 53.842 GC heap after
{Heap after GC invocations=30 (full 0):
 garbage-first heap   total 141312K, used 64757K [0x0000000080000000, 0x0000000100000000)
  region size 1024K, 1 young (1024K), 1 survivors (1024K)
 Metaspace       used 58767K, committed 59264K, reserved 1114112K
  class space    used 8033K, committed 8256K, reserved 1048576K
}
Event: 56.406 GC heap before
{Heap before GC invocations=31 (full 0):
 garbage-first heap   total 141312K, used 99573K [0x0000000080000000, 0x0000000100000000)
  region size 1024K, 35 young (35840K), 1 survivors (1024K)
 Metaspace       used 61538K, committed 62080K, reserved 1114112K
  class space    used 8407K, committed 8640K, reserved 1048576K
}
Event: 56.412 GC heap after
{Heap after GC invocations=32 (full 0):
 garbage-first heap   total 141312K, used 66798K [0x0000000080000000, 0x0000000100000000)
  region size 1024K, 2 young (2048K), 2 survivors (2048K)
 Metaspace       used 61538K, committed 62080K, reserved 1114112K
  class space    used 8407K, committed 8640K, reserved 1048576K
}
Event: 56.741 GC heap before
{Heap before GC invocations=32 (full 0):
 garbage-first heap   total 141312K, used 69870K [0x0000000080000000, 0x0000000100000000)
  region size 1024K, 6 young (6144K), 2 survivors (2048K)
 Metaspace       used 62068K, committed 62656K, reserved 1114112K
  class space    used 8437K, committed 8704K, reserved 1048576K
}
Event: 56.750 GC heap after
{Heap after GC invocations=33 (full 0):
 garbage-first heap   total 141312K, used 66509K [0x0000000080000000, 0x0000000100000000)
  region size 1024K, 1 young (1024K), 1 survivors (1024K)
 Metaspace       used 62068K, committed 62656K, reserved 1114112K
  class space    used 8437K, committed 8704K, reserved 1048576K
}

