# JRE version: OpenJDK Runtime Environment (17.0.10) (build 17.0.10+0--11572160)
# Java VM: OpenJDK 64-Bit Server VM (17.0.10+0--11572160, mixed mode, tiered, compressed oops, compressed class ptrs, g1 gc, windows-amd64)
GC Precious Log:
 CPUs: 4 total, 4 available
 Memory: 8072M
 Large Page Support: Disabled
 NUMA Support: Disabled
 Compressed Oops: Enabled (32-bit)
 Heap Region Size: 1M
 Heap Min Capacity: 8M
 Heap Initial Capacity: 128M
 Heap Max Capacity: 2G
 Pre-touch: Disabled
 Parallel Workers: 4
 Concurrent Workers: 1
 Concurrent Refinement Workers: 4
 Periodic GC: Disabled
Heap:
 garbage-first heap   total 86016K, used 65544K [0x0000000080000000, 0x0000000100000000)
  region size 1024K, 1 young (1024K), 1 survivors (1024K)
 Metaspace       used 64609K, committed 65152K, reserved 1114112K
  class space    used 8727K, committed 8960K, reserved 1048576K
GC Heap History (20 events):
Event: 71.938 GC heap after
{Heap after GC invocations=16 (full 0):
 garbage-first heap   total 71680K, used 34629K [0x0000000080000000, 0x0000000100000000)
  region size 1024K, 3 young (3072K), 3 survivors (3072K)
 Metaspace       used 52604K, committed 53056K, reserved 1114112K
  class space    used 7293K, committed 7488K, reserved 1048576K
}
Event: 86.971 GC heap before
{Heap before GC invocations=17 (full 0):
 garbage-first heap   total 71680K, used 60229K [0x0000000080000000, 0x0000000100000000)
  region size 1024K, 26 young (26624K), 3 survivors (3072K)
 Metaspace       used 56414K, committed 56960K, reserved 1114112K
  class space    used 7742K, committed 8000K, reserved 1048576K
}
Event: 87.014 GC heap after
{Heap after GC invocations=18 (full 0):
 garbage-first heap   total 71680K, used 35550K [0x0000000080000000, 0x0000000100000000)
  region size 1024K, 2 young (2048K), 2 survivors (2048K)
 Metaspace       used 56414K, committed 56960K, reserved 1114112K
  class space    used 7742K, committed 8000K, reserved 1048576K
}
Event: 101.143 GC heap before
{Heap before GC invocations=18 (full 0):
 garbage-first heap   total 71680K, used 58078K [0x0000000080000000, 0x0000000100000000)
  region size 1024K, 24 young (24576K), 2 survivors (2048K)
 Metaspace       used 61879K, committed 62400K, reserved 1114112K
  class space    used 8425K, committed 8640K, reserved 1048576K
}
Event: 101.154 GC heap after
{Heap after GC invocations=19 (full 0):
 garbage-first heap   total 71680K, used 38271K [0x0000000080000000, 0x0000000100000000)
  region size 1024K, 3 young (3072K), 3 survivors (3072K)
 Metaspace       used 61879K, committed 62400K, reserved 1114112K
  class space    used 8425K, committed 8640K, reserved 1048576K
}
Event: 110.463 GC heap before
{Heap before GC invocations=20 (full 0):
 garbage-first heap   total 71680K, used 57727K [0x0000000080000000, 0x0000000100000000)
  region size 1024K, 22 young (22528K), 3 survivors (3072K)
 Metaspace       used 63297K, committed 63872K, reserved 1114112K
  class space    used 8575K, committed 8832K, reserved 1048576K
}
Event: 110.484 GC heap after
{Heap after GC invocations=21 (full 0):
 garbage-first heap   total 71680K, used 41433K [0x0000000080000000, 0x0000000100000000)
  region size 1024K, 3 young (3072K), 3 survivors (3072K)
 Metaspace       used 63297K, committed 63872K, reserved 1114112K
  class space    used 8575K, committed 8832K, reserved 1048576K
}
Event: 112.043 GC heap before
{Heap before GC invocations=21 (full 0):
 garbage-first heap   total 71680K, used 56793K [0x0000000080000000, 0x0000000100000000)
  region size 1024K, 19 young (19456K), 3 survivors (3072K)
 Metaspace       used 63643K, committed 64256K, reserved 1114112K
  class space    used 8620K, committed 8896K, reserved 1048576K
}
Event: 112.066 GC heap after
{Heap after GC invocations=22 (full 0):
 garbage-first heap   total 71680K, used 45524K [0x0000000080000000, 0x0000000100000000)
  region size 1024K, 3 young (3072K), 3 survivors (3072K)
 Metaspace       used 63643K, committed 64256K, reserved 1114112K
  class space    used 8620K, committed 8896K, reserved 1048576K
}
Event: 112.718 GC heap before
{Heap before GC invocations=23 (full 0):
 garbage-first heap   total 80896K, used 57812K [0x0000000080000000, 0x0000000100000000)
  region size 1024K, 15 young (15360K), 3 survivors (3072K)
 Metaspace       used 63721K, committed 64320K, reserved 1114112K
  class space    used 8620K, committed 8896K, reserved 1048576K
}
Event: 112.732 GC heap after
{Heap after GC invocations=24 (full 0):
 garbage-first heap   total 80896K, used 46299K [0x0000000080000000, 0x0000000100000000)
  region size 1024K, 2 young (2048K), 2 survivors (2048K)
 Metaspace       used 63721K, committed 64320K, reserved 1114112K
  class space    used 8620K, committed 8896K, reserved 1048576K
}
Event: 112.772 GC heap before
{Heap before GC invocations=24 (full 0):
 garbage-first heap   total 80896K, used 47323K [0x0000000080000000, 0x0000000100000000)
  region size 1024K, 3 young (3072K), 2 survivors (2048K)
 Metaspace       used 63727K, committed 64320K, reserved 1114112K
  class space    used 8620K, committed 8896K, reserved 1048576K
}
Event: 112.786 GC heap after
{Heap after GC invocations=25 (full 0):
 garbage-first heap   total 80896K, used 46417K [0x0000000080000000, 0x0000000100000000)
  region size 1024K, 1 young (1024K), 1 survivors (1024K)
 Metaspace       used 63727K, committed 64320K, reserved 1114112K
  class space    used 8620K, committed 8896K, reserved 1048576K
}
Event: 113.835 GC heap before
{Heap before GC invocations=25 (full 0):
 garbage-first heap   total 80896K, used 62801K [0x0000000080000000, 0x0000000100000000)
  region size 1024K, 18 young (18432K), 1 survivors (1024K)
 Metaspace       used 63906K, committed 64512K, reserved 1114112K
  class space    used 8628K, committed 8896K, reserved 1048576K
}
Event: 113.844 GC heap after
{Heap after GC invocations=26 (full 0):
 garbage-first heap   total 80896K, used 48228K [0x0000000080000000, 0x0000000100000000)
  region size 1024K, 3 young (3072K), 3 survivors (3072K)
 Metaspace       used 63906K, committed 64512K, reserved 1114112K
  class space    used 8628K, committed 8896K, reserved 1048576K
}
Event: 115.057 GC heap before
{Heap before GC invocations=27 (full 0):
 garbage-first heap   total 83968K, used 74852K [0x0000000080000000, 0x0000000100000000)
  region size 1024K, 18 young (18432K), 3 survivors (3072K)
 Metaspace       used 64194K, committed 64704K, reserved 1114112K
  class space    used 8663K, committed 8896K, reserved 1048576K
}
Event: 115.071 GC heap after
{Heap after GC invocations=28 (full 0):
 garbage-first heap   total 86016K, used 65626K [0x0000000080000000, 0x0000000100000000)
  region size 1024K, 3 young (3072K), 3 survivors (3072K)
 Metaspace       used 64194K, committed 64704K, reserved 1114112K
  class space    used 8663K, committed 8896K, reserved 1048576K
}
Event: 115.326 GC heap before
{Heap before GC invocations=28 (full 0):
 garbage-first heap   total 86016K, used 65626K [0x0000000080000000, 0x0000000100000000)
  region size 1024K, 4 young (4096K), 3 survivors (3072K)
 Metaspace       used 64195K, committed 64704K, reserved 1114112K
  class space    used 8663K, committed 8896K, reserved 1048576K
}
Event: 115.332 GC heap after
{Heap after GC invocations=29 (full 0):
 garbage-first heap   total 86016K, used 64846K [0x0000000080000000, 0x0000000100000000)
  region size 1024K, 1 young (1024K), 1 survivors (1024K)
 Metaspace       used 64195K, committed 64704K, reserved 1114112K
  class space    used 8663K, committed 8896K, reserved 1048576K
}
Event: 115.665 GC heap before
{Heap before GC invocations=29 (full 0):
 garbage-first heap   total 86016K, used 68942K [0x0000000080000000, 0x0000000100000000)
  region size 1024K, 6 young (6144K), 1 survivors (1024K)
 Metaspace       used 64609K, committed 65152K, reserved 1114112K
  class space    used 8727K, committed 8960K, reserved 1048576K
}

