# JRE version: OpenJDK Runtime Environment (17.0.10) (build 17.0.10+0--11572160)
# Java VM: OpenJDK 64-Bit Server VM (17.0.10+0--11572160, mixed mode, tiered, compressed oops, compressed class ptrs, g1 gc, windows-amd64)
GC Precious Log:
 CPUs: 4 total, 4 available
 Memory: 8072M
 Large Page Support: Disabled
 NUMA Support: Disabled
 Compressed Oops: Enabled (32-bit)
 Heap Region Size: 1M
 Heap Min Capacity: 8M
 Heap Initial Capacity: 128M
 Heap Max Capacity: 2G
 Pre-touch: Disabled
 Parallel Workers: 4
 Concurrent Workers: 1
 Concurrent Refinement Workers: 4
 Periodic GC: Disabled
Heap:
 garbage-first heap   total 132096K, used 87896K [0x0000000080000000, 0x0000000100000000)
  region size 1024K, 20 young (20480K), 5 survivors (5120K)
 Metaspace       used 70186K, committed 70848K, reserved 1114112K
  class space    used 9499K, committed 9792K, reserved 1048576K
GC Heap History (20 events):
Event: 40.620 GC heap before
{Heap before GC invocations=19 (full 0):
 garbage-first heap   total 68608K, used 54869K [0x0000000080000000, 0x0000000100000000)
  region size 1024K, 19 young (19456K), 1 survivors (1024K)
 Metaspace       used 56245K, committed 56768K, reserved 1114112K
  class space    used 7707K, committed 7936K, reserved 1048576K
}
Event: 40.632 GC heap after
{Heap after GC invocations=20 (full 0):
 garbage-first heap   total 68608K, used 39000K [0x0000000080000000, 0x0000000100000000)
  region size 1024K, 3 young (3072K), 3 survivors (3072K)
 Metaspace       used 56245K, committed 56768K, reserved 1114112K
  class space    used 7707K, committed 7936K, reserved 1048576K
}
Event: 41.764 GC heap before
{Heap before GC invocations=21 (full 0):
 garbage-first heap   total 70656K, used 54360K [0x0000000080000000, 0x0000000100000000)
  region size 1024K, 18 young (18432K), 3 survivors (3072K)
 Metaspace       used 56665K, committed 57216K, reserved 1114112K
  class space    used 7765K, committed 8000K, reserved 1048576K
}
Event: 41.780 GC heap after
{Heap after GC invocations=22 (full 0):
 garbage-first heap   total 70656K, used 42793K [0x0000000080000000, 0x0000000100000000)
  region size 1024K, 3 young (3072K), 3 survivors (3072K)
 Metaspace       used 56665K, committed 57216K, reserved 1114112K
  class space    used 7765K, committed 8000K, reserved 1048576K
}
Event: 41.841 GC heap before
{Heap before GC invocations=22 (full 0):
 garbage-first heap   total 70656K, used 43817K [0x0000000080000000, 0x0000000100000000)
  region size 1024K, 4 young (4096K), 3 survivors (3072K)
 Metaspace       used 56675K, committed 57216K, reserved 1114112K
  class space    used 7765K, committed 8000K, reserved 1048576K
}
Event: 41.852 GC heap after
{Heap after GC invocations=23 (full 0):
 garbage-first heap   total 70656K, used 42891K [0x0000000080000000, 0x0000000100000000)
  region size 1024K, 1 young (1024K), 1 survivors (1024K)
 Metaspace       used 56675K, committed 57216K, reserved 1114112K
  class space    used 7765K, committed 8000K, reserved 1048576K
}
Event: 42.510 GC heap before
{Heap before GC invocations=23 (full 0):
 garbage-first heap   total 70656K, used 54155K [0x0000000080000000, 0x0000000100000000)
  region size 1024K, 13 young (13312K), 1 survivors (1024K)
 Metaspace       used 56761K, committed 57280K, reserved 1114112K
  class space    used 7765K, committed 8000K, reserved 1048576K
}
Event: 42.518 GC heap after
{Heap after GC invocations=24 (full 0):
 garbage-first heap   total 132096K, used 44841K [0x0000000080000000, 0x0000000100000000)
  region size 1024K, 2 young (2048K), 2 survivors (2048K)
 Metaspace       used 56761K, committed 57280K, reserved 1114112K
  class space    used 7765K, committed 8000K, reserved 1048576K
}
Event: 46.142 GC heap before
{Heap before GC invocations=25 (full 0):
 garbage-first heap   total 132096K, used 118569K [0x0000000080000000, 0x0000000100000000)
  region size 1024K, 60 young (61440K), 2 survivors (2048K)
 Metaspace       used 58920K, committed 59456K, reserved 1114112K
  class space    used 8047K, committed 8320K, reserved 1048576K
}
Event: 46.162 GC heap after
{Heap after GC invocations=26 (full 0):
 garbage-first heap   total 132096K, used 68064K [0x0000000080000000, 0x0000000100000000)
  region size 1024K, 8 young (8192K), 8 survivors (8192K)
 Metaspace       used 58920K, committed 59456K, reserved 1114112K
  class space    used 8047K, committed 8320K, reserved 1048576K
}
Event: 46.210 GC heap before
{Heap before GC invocations=26 (full 0):
 garbage-first heap   total 132096K, used 69088K [0x0000000080000000, 0x0000000100000000)
  region size 1024K, 9 young (9216K), 8 survivors (8192K)
 Metaspace       used 59009K, committed 59584K, reserved 1114112K
  class space    used 8057K, committed 8320K, reserved 1048576K
}
Event: 46.221 GC heap after
{Heap after GC invocations=27 (full 0):
 garbage-first heap   total 132096K, used 67954K [0x0000000080000000, 0x0000000100000000)
  region size 1024K, 1 young (1024K), 1 survivors (1024K)
 Metaspace       used 59009K, committed 59584K, reserved 1114112K
  class space    used 8057K, committed 8320K, reserved 1048576K
}
Event: 50.131 GC heap before
{Heap before GC invocations=27 (full 0):
 garbage-first heap   total 132096K, used 101746K [0x0000000080000000, 0x0000000100000000)
  region size 1024K, 35 young (35840K), 1 survivors (1024K)
 Metaspace       used 61924K, committed 62528K, reserved 1114112K
  class space    used 8421K, committed 8704K, reserved 1048576K
}
Event: 50.141 GC heap after
{Heap after GC invocations=28 (full 0):
 garbage-first heap   total 132096K, used 68671K [0x0000000080000000, 0x0000000100000000)
  region size 1024K, 2 young (2048K), 2 survivors (2048K)
 Metaspace       used 61924K, committed 62528K, reserved 1114112K
  class space    used 8421K, committed 8704K, reserved 1048576K
}
Event: 59.945 GC heap before
{Heap before GC invocations=29 (full 0):
 garbage-first heap   total 132096K, used 104511K [0x0000000080000000, 0x0000000100000000)
  region size 1024K, 37 young (37888K), 2 survivors (2048K)
 Metaspace       used 65773K, committed 66368K, reserved 1114112K
  class space    used 8940K, committed 9216K, reserved 1048576K
}
Event: 59.973 GC heap after
{Heap after GC invocations=30 (full 0):
 garbage-first heap   total 132096K, used 69449K [0x0000000080000000, 0x0000000100000000)
  region size 1024K, 2 young (2048K), 2 survivors (2048K)
 Metaspace       used 65773K, committed 66368K, reserved 1114112K
  class space    used 8940K, committed 9216K, reserved 1048576K
}
Event: 60.595 GC heap before
{Heap before GC invocations=30 (full 0):
 garbage-first heap   total 132096K, used 72521K [0x0000000080000000, 0x0000000100000000)
  region size 1024K, 6 young (6144K), 2 survivors (2048K)
 Metaspace       used 66117K, committed 66752K, reserved 1114112K
  class space    used 8992K, committed 9280K, reserved 1048576K
}
Event: 60.609 GC heap after
{Heap after GC invocations=31 (full 0):
 garbage-first heap   total 132096K, used 68148K [0x0000000080000000, 0x0000000100000000)
  region size 1024K, 1 young (1024K), 1 survivors (1024K)
 Metaspace       used 66117K, committed 66752K, reserved 1114112K
  class space    used 8992K, committed 9280K, reserved 1048576K
}
Event: 69.200 GC heap before
{Heap before GC invocations=31 (full 0):
 garbage-first heap   total 132096K, used 112180K [0x0000000080000000, 0x0000000100000000)
  region size 1024K, 39 young (39936K), 1 survivors (1024K)
 Metaspace       used 69155K, committed 69760K, reserved 1114112K
  class space    used 9370K, committed 9664K, reserved 1048576K
}
Event: 69.236 GC heap after
{Heap after GC invocations=32 (full 0):
 garbage-first heap   total 132096K, used 73560K [0x0000000080000000, 0x0000000100000000)
  region size 1024K, 5 young (5120K), 5 survivors (5120K)
 Metaspace       used 69155K, committed 69760K, reserved 1114112K
  class space    used 9370K, committed 9664K, reserved 1048576K
}

